********************************************************************************
DUPLICATOR-LITE PACKAGE-LOG: September 17, 2025 11:40 am
NOTICE: Do NOT post to public sites or forums 
********************************************************************************
VERSION:	1.5.13.3
WORDPRESS:	6.8.2
PHP INFO:	8.3.16 | SAPI: apache2handler
SERVER:		Apache/2.4.62 (Win64) OpenSSL/3.0.15 PHP/8.3.16 
PHP TIME LIMIT: (0) no time limit imposed 
PHP MAX MEMORY: 4294967296 (512M default) 
MEMORY STACK: 144MB
[CTRL DUP ARCIVE] PACKAGE AS NEW ID 2 SAVED | STATUS:0
[DUP ARCHIVE] BUILDING DATABASE

********************************************************************************
DATABASE:
********************************************************************************
BUILD MODE:   PHP(query limit - 100)
MYSQLTIMEOUT: 5000
MYSQLDUMP:    Not Supported
TABLES: total:101 | filtered:0 | create:101
FILTERED: []
SQL CREATED: 20250918_gunbroker_91876d44dc10b6884981_20250917113656_database.sql
SQL FILE SIZE: 5.17MB (5424245)
SQL FILE TIME: 2025-09-17 11:40:45
SQL RUNTIME: 1.67 sec.
[DUP ARCHIVE] VALIDATING DATABASE
[DUP ARCHIVE] DONE DATABASE

********************************************************************************
ARCHIVE Type=DUP Mode=DupArchive
********************************************************************************
ARCHIVE DIR:  C:/laragon/www/Gunbroker
ARCHIVE FILE: 20250918_gunbroker_91876d44dc10b6884981_20250917113656_archive.daf
FILTERS: *ON*
DIRS:
	C:/laragon/www/Gunbroker/.git
	C:/laragon/www/Gunbroker/.git/objects/ea
	C:/laragon/www/Gunbroker/.git/objects/pack
FILES:
	not set
EXTS:  not set
----------------------------------------
COMPRESSING
SIZE:	321.39MB
STATS:	Dirs 4,303 | Files 25,960 | Total 30,263
[DUP ARCHIVE] DONE ARCHIVE
[DUP ARCHIVE] DONE ARCHIVE
[DUP ARCHIVE] DONE ARCHIVE
building installer
[DUP ARCHIVE] DONE ARCHIVE
COMPRESSED SIZE: 132.47MB
ARCHIVE RUNTIME: 51.28 sec.
MEMORY STACK: 154MB
CREATE WARNINGS: No warnings.
VALIDATION WARNINGS: No warnings.
[DUP ARCHIVE] DONE ARCHIVE
[DUP ARCHIVE] HAS COMPLETED CLOSING
[DUP ARCHIVE] DUP ARCHIVE INTEGRITY CHECK

********************************************************************************
INTEGRITY CHECKS:
********************************************************************************
SQL FILE: 5.17MB
INSTALLER FILE: 94.83KB
ARCHIVE FILE: 132.47MB 
EXPECTED FILE/DIRECTORY COUNT: 31,001
ACTUAL FILE/DIRECTORY COUNT: 31,002

********************************************************************************
RECORD ID:[2]
TOTAL PROCESS RUNTIME: 51.31 sec.
PEAK PHP MEMORY USED: 156MB
DONE PROCESSING => 20250918_gunbroker 2025-09-17 11:41:34

